<?xml version="1.0" encoding="UTF-8"?>
<!-- Generated by org.testng.reporters.JUnitReportReporter -->
<testsuite hostname="TJ-MB-077.local" failures="0" tests="1" name="testcases.LoginTest2" time="10.316" errors="0" timestamp="05 Jul 2023 10:31:59 GMT" skipped="0">
  <testcase classname="testcases.LoginTest2" name="verifyBlankEmailPassword" time="10.316"/>
</testsuite> <!-- testcases.LoginTest2 -->
