<?xml version="1.0" encoding="UTF-8"?>
<!-- Generated by org.testng.reporters.JUnitReportReporter -->
<testsuite hostname="TJ-MB-077.local" failures="0" tests="6" name="testcases.LoginTest" time="4.038" errors="0" timestamp="18 Jul 2023 07:52:23 GMT" skipped="0">
  <testcase classname="testcases.LoginTest" name="testBlankEmailPassword" time="0.351"/>
  <testcase classname="testcases.LoginTest" name="testInvalidEmail" time="1.019"/>
  <testcase classname="testcases.LoginTest" name="testInvalidPassword" time="0.420"/>
  <testcase classname="testcases.LoginTest" name="testForgottenPasswordElement" time="0.017"/>
  <testcase classname="testcases.LoginTest" name="testForgotPasswordLinkTest" time="0.256"/>
  <testcase classname="testcases.LoginTest" name="testValidUser" time="1.975"/>
</testsuite> <!-- testcases.LoginTest -->
