<?xml version="1.0" encoding="UTF-8"?>
<!-- Generated by org.testng.reporters.JUnitReportReporter -->
<testsuite hostname="LAPTOP-EOK2EVU3" failures="0" tests="1" name="testcases.CheckoutWithLoginTest" time="15.109" errors="0" timestamp="06 Jul 2022 10:07:08 GMT" skipped="0">
  <testcase classname="testcases.CheckoutWithLoginTest" name="MyFirstTestCase" time="15.109"/>
</testsuite> <!-- testcases.CheckoutWithLoginTest -->
