<?xml version="1.0" encoding="UTF-8"?>
<!-- Generated by org.testng.reporters.JUnitReportReporter -->
<testsuite hostname="TJ-MB-077.local" failures="0" tests="3" name="testcases.ForgotPasswordTest" time="2.005" errors="0" timestamp="18 Jul 2023 07:29:54 GMT" skipped="0">
  <testcase classname="testcases.ForgotPasswordTest" name="testInvalidEmail" time="1.050"/>
  <testcase classname="testcases.ForgotPasswordTest" name="testEmptyEmail" time="0.460"/>
  <testcase classname="testcases.ForgotPasswordTest" name="testValidEmail" time="0.495"/>
</testsuite> <!-- testcases.ForgotPasswordTest -->
